build/app/intermediates/manifest_merge_blame_file/debug/manifest-merger-blame-debug-report.txt
1<?xml version="1.0" encoding="utf-8"?>
2<manifest xmlns:android="http://schemas.android.com/apk/res/android"
3    package="com.example.ajfereme"
4    android:versionCode="1"
5    android:versionName="1.0.0" >
6
7    <uses-sdk
8        android:minSdkVersion="16"
9        android:targetSdkVersion="28" />
10    <!--
11         Flutter needs it to communicate with the running application
12         to allow setting breakpoints, to provide hot reload, etc.
13    -->
14    <uses-permission android:name="android.permission.INTERNET" />
14-->src\debug\AndroidManifest.xml:6:5-66
14-->src\debug\AndroidManifest.xml:6:22-64
15
16    <queries>
16-->[:upi_india] AndroidManifest.xml:7:5-13:15
17        <intent>
17-->[:upi_india] AndroidManifest.xml:8:9-12:18
18            <action android:name="android.intent.action.VIEW" />
18-->[:upi_india] AndroidManifest.xml:9:13-65
18-->[:upi_india] AndroidManifest.xml:9:21-62
19
20            <data android:scheme="upi" />
20-->[:upi_india] AndroidManifest.xml:11:13-42
20-->[:upi_india] AndroidManifest.xml:11:19-39
21        </intent>
22    </queries>
23    <queries>
23-->[:upi_india] AndroidManifest.xml:7:5-13:15
24        <package android:name="com.lcode.allahabadupi" />
25        <package android:name="in.amazon.mShop.android.shopping" />
26        <package android:name="com.upi.axispay" />
27        <package android:name="com.bankofbaroda.upi" />
28        <package android:name="in.org.npci.upiapp" />
29        <package android:name="com.infra.boiupi" />
30        <package android:name="com.infrasofttech.centralbankupi" />
31        <package android:name="in.cointab.app" />
32        <package android:name="com.lcode.corpupi" />
33        <package android:name="com.lcode.csbupi" />
34        <package android:name="com.cub.wallet.gui" />
35        <package android:name="com.dbs.in.digitalbank" />
36        <package android:name="com.olive.dcb.upi" />
37        <package android:name="com.equitasbank.upi" />
38        <package android:name="com.finopaytech.bpayfino" />
39        <package android:name="com.freecharge.android" />
40        <package android:name="com.google.android.apps.nbu.paisa.user" />
41        <package android:name="com.mgs.hsbcupi" />
42        <package android:name="com.csam.icici.bank.imobile" />
43        <package android:name="com.mgs.induspsp" />
44        <package android:name="com.lcode.smartz" />
45        <package android:name="com.khaalijeb.inkdrops" />
46        <package android:name="com.msf.kbank.mobile" />
47        <package android:name="com.infrasofttech.mahaupi" />
48        <package android:name="com.mipay.in.wallet" />
49        <package android:name="com.mipay.wallet.in" />
50        <package android:name="com.mobikwik_new" />
51        <package android:name="com.mgs.obcbank" />
52        <package android:name="net.one97.paytm" />
53        <package android:name="com.idbibank.paywiz" />
54        <package android:name="com.enstage.wibmo.hdfc" />
55        <package android:name="com.phonepe.app" />
56        <package android:name="com.fss.pnbpsp" />
57        <package android:name="com.mobileware.upipsb" />
58        <package android:name="com.rblbank.upi" />
59        <package android:name="com.realmepay.payments" />
60        <package android:name="com.sbi.upi" />
61        <package android:name="com.truecaller" />
62        <package android:name="com.fss.unbipsp" />
63        <package android:name="com.fss.vijayapsp" />
64        <package android:name="com.YesBank" />
65    </queries>
66
67    <uses-permission android:name="android.permission.ACCESS_NETWORK_STATE" />
67-->[com.google.firebase:firebase-auth:20.0.4] AndroidManifest.xml:24:5-79
67-->[com.google.firebase:firebase-auth:20.0.4] AndroidManifest.xml:24:22-76
68    <uses-permission android:name="android.permission.WAKE_LOCK" />
68-->[com.google.android.gms:play-services-measurement-api:18.0.3] AndroidManifest.xml:24:5-68
68-->[com.google.android.gms:play-services-measurement-api:18.0.3] AndroidManifest.xml:24:22-65
69    <uses-permission android:name="com.google.android.finsky.permission.BIND_GET_INSTALL_REFERRER_SERVICE" />
69-->[com.google.android.gms:play-services-measurement:18.0.3] AndroidManifest.xml:26:5-110
69-->[com.google.android.gms:play-services-measurement:18.0.3] AndroidManifest.xml:26:22-107
70
71    <application
71-->src\main\AndroidManifest.xml:3:4-40:19
72        android:appComponentFactory="androidx.core.app.CoreComponentFactory"
72-->[androidx.core:core:1.1.0] AndroidManifest.xml:24:18-86
73        android:debuggable="true"
74        android:icon="@mipmap/ic_launcher"
74-->src\main\AndroidManifest.xml:5:9-43
75        android:label="ajfereme" >
75-->src\main\AndroidManifest.xml:4:9-33
76        <activity
76-->src\main\AndroidManifest.xml:6:9-34:20
77            android:name="com.example.ajfereme.MainActivity"
77-->src\main\AndroidManifest.xml:7:13-41
78            android:configChanges="orientation|keyboardHidden|keyboard|screenSize|smallestScreenSize|locale|layoutDirection|fontScale|screenLayout|density|uiMode"
78-->src\main\AndroidManifest.xml:10:13-163
79            android:hardwareAccelerated="true"
79-->src\main\AndroidManifest.xml:11:13-47
80            android:launchMode="singleTop"
80-->src\main\AndroidManifest.xml:8:13-43
81            android:theme="@style/LaunchTheme"
81-->src\main\AndroidManifest.xml:9:13-47
82            android:windowSoftInputMode="adjustResize" >
82-->src\main\AndroidManifest.xml:12:13-55
83
84            <!--
85                 Specifies an Android theme to apply to this Activity as soon as
86                 the Android process has started. This theme is visible to the user
87                 while the Flutter UI initializes. After that, this theme continues
88                 to determine the Window background behind the Flutter UI.
89            -->
90            <meta-data
90-->src\main\AndroidManifest.xml:17:13-20:17
91                android:name="io.flutter.embedding.android.NormalTheme"
91-->src\main\AndroidManifest.xml:18:15-70
92                android:resource="@style/NormalTheme" />
92-->src\main\AndroidManifest.xml:19:15-52
93            <!--
94                 Displays an Android View that continues showing the launch screen
95                 Drawable until Flutter paints its first frame, then this splash
96                 screen fades out. A splash screen is useful to avoid any visual
97                 gap between the end of Android's launch screen and the painting of
98                 Flutter's first frame.
99            -->
100            <meta-data
100-->src\main\AndroidManifest.xml:26:13-29:17
101                android:name="io.flutter.embedding.android.SplashScreenDrawable"
101-->src\main\AndroidManifest.xml:27:15-79
102                android:resource="@drawable/launch_background" />
102-->src\main\AndroidManifest.xml:28:15-61
103
104            <intent-filter>
104-->src\main\AndroidManifest.xml:30:13-33:29
105                <action android:name="android.intent.action.MAIN" />
105-->src\main\AndroidManifest.xml:31:17-68
105-->src\main\AndroidManifest.xml:31:25-66
106
107                <category android:name="android.intent.category.LAUNCHER" />
107-->src\main\AndroidManifest.xml:32:17-76
107-->src\main\AndroidManifest.xml:32:27-74
108            </intent-filter>
109        </activity>
110        <!--
111             Don't delete the meta-data below.
112             This is used by the Flutter tool to generate GeneratedPluginRegistrant.java
113        -->
114        <meta-data
114-->src\main\AndroidManifest.xml:37:9-39:33
115            android:name="flutterEmbedding"
115-->src\main\AndroidManifest.xml:38:13-44
116            android:value="2" />
116-->src\main\AndroidManifest.xml:39:13-30
117
118        <service
118-->[:firebase_auth] AndroidManifest.xml:8:9-12:19
119            android:name="com.google.firebase.components.ComponentDiscoveryService"
119-->[:firebase_auth] AndroidManifest.xml:8:18-89
120            android:directBootAware="true"
120-->[com.google.firebase:firebase-common:19.5.0] AndroidManifest.xml:35:13-43
121            android:exported="false" >
121-->[com.google.firebase:firebase-auth:20.0.4] AndroidManifest.xml:76:13-37
122            <meta-data
122-->[:firebase_auth] AndroidManifest.xml:9:13-11:85
123                android:name="com.google.firebase.components:io.flutter.plugins.firebase.auth.FlutterFirebaseAuthRegistrar"
123-->[:firebase_auth] AndroidManifest.xml:10:17-124
124                android:value="com.google.firebase.components.ComponentRegistrar" />
124-->[:firebase_auth] AndroidManifest.xml:11:17-82
125            <meta-data
125-->[:firebase_database] AndroidManifest.xml:9:13-11:85
126                android:name="com.google.firebase.components:io.flutter.plugins.firebase.database.FlutterFirebaseAppRegistrar"
126-->[:firebase_database] AndroidManifest.xml:10:17-127
127                android:value="com.google.firebase.components.ComponentRegistrar" />
127-->[:firebase_database] AndroidManifest.xml:11:17-82
128            <meta-data
128-->[:cloud_firestore] AndroidManifest.xml:9:13-11:85
129                android:name="com.google.firebase.components:io.flutter.plugins.firebase.firestore.FlutterFirebaseFirestoreRegistrar"
129-->[:cloud_firestore] AndroidManifest.xml:10:17-134
130                android:value="com.google.firebase.components.ComponentRegistrar" />
130-->[:cloud_firestore] AndroidManifest.xml:11:17-82
131            <meta-data
131-->[:firebase_core] AndroidManifest.xml:9:13-11:85
132                android:name="com.google.firebase.components:io.flutter.plugins.firebase.core.FlutterFirebaseCoreRegistrar"
132-->[:firebase_core] AndroidManifest.xml:10:17-124
133                android:value="com.google.firebase.components.ComponentRegistrar" />
133-->[:firebase_core] AndroidManifest.xml:11:17-82
134            <meta-data
134-->[com.google.firebase:firebase-auth:20.0.4] AndroidManifest.xml:77:13-79:85
135                android:name="com.google.firebase.components:com.google.firebase.auth.FirebaseAuthRegistrar"
135-->[com.google.firebase:firebase-auth:20.0.4] AndroidManifest.xml:78:17-109
136                android:value="com.google.firebase.components.ComponentRegistrar" />
136-->[com.google.firebase:firebase-auth:20.0.4] AndroidManifest.xml:79:17-82
137            <meta-data
137-->[com.google.firebase:firebase-firestore:22.1.2] AndroidManifest.xml:20:13-22:85
138                android:name="com.google.firebase.components:com.google.firebase.firestore.FirestoreRegistrar"
138-->[com.google.firebase:firebase-firestore:22.1.2] AndroidManifest.xml:21:17-111
139                android:value="com.google.firebase.components.ComponentRegistrar" />
139-->[com.google.firebase:firebase-firestore:22.1.2] AndroidManifest.xml:22:17-82
140            <meta-data
140-->[com.google.firebase:firebase-database:19.7.0] AndroidManifest.xml:32:13-34:85
141                android:name="com.google.firebase.components:com.google.firebase.database.DatabaseRegistrar"
141-->[com.google.firebase:firebase-database:19.7.0] AndroidManifest.xml:33:17-109
142                android:value="com.google.firebase.components.ComponentRegistrar" />
142-->[com.google.firebase:firebase-database:19.7.0] AndroidManifest.xml:34:17-82
143            <meta-data
143-->[com.google.android.gms:play-services-measurement-api:18.0.3] AndroidManifest.xml:30:13-32:85
144                android:name="com.google.firebase.components:com.google.firebase.analytics.connector.internal.AnalyticsConnectorRegistrar"
144-->[com.google.android.gms:play-services-measurement-api:18.0.3] AndroidManifest.xml:31:17-139
145                android:value="com.google.firebase.components.ComponentRegistrar" />
145-->[com.google.android.gms:play-services-measurement-api:18.0.3] AndroidManifest.xml:32:17-82
146            <meta-data
146-->[com.google.firebase:firebase-installations:16.3.5] AndroidManifest.xml:18:13-20:85
147                android:name="com.google.firebase.components:com.google.firebase.installations.FirebaseInstallationsRegistrar"
147-->[com.google.firebase:firebase-installations:16.3.5] AndroidManifest.xml:19:17-127
148                android:value="com.google.firebase.components.ComponentRegistrar" />
148-->[com.google.firebase:firebase-installations:16.3.5] AndroidManifest.xml:20:17-82
149            <!--
150                This registrar is not defined in the dynamic-module-support sdk itself to allow non-firebase
151                clients to use it as well, by defining this registrar in their own core/common library.
152            -->
153            <meta-data
153-->[com.google.firebase:firebase-common:19.5.0] AndroidManifest.xml:43:13-45:85
154                android:name="com.google.firebase.components:com.google.firebase.dynamicloading.DynamicLoadingRegistrar"
154-->[com.google.firebase:firebase-common:19.5.0] AndroidManifest.xml:44:17-121
155                android:value="com.google.firebase.components.ComponentRegistrar" />
155-->[com.google.firebase:firebase-common:19.5.0] AndroidManifest.xml:45:17-82
156        </service>
157
158        <activity
158-->[:url_launcher] AndroidManifest.xml:8:9-11:74
159            android:name="io.flutter.plugins.urllauncher.WebViewActivity"
159-->[:url_launcher] AndroidManifest.xml:9:13-74
160            android:exported="false"
160-->[:url_launcher] AndroidManifest.xml:10:13-37
161            android:theme="@android:style/Theme.NoTitleBar.Fullscreen" />
161-->[:url_launcher] AndroidManifest.xml:11:13-71
162        <activity
162-->[com.google.firebase:firebase-auth:20.0.4] AndroidManifest.xml:27:9-44:20
163            android:name="com.google.firebase.auth.internal.GenericIdpActivity"
163-->[com.google.firebase:firebase-auth:20.0.4] AndroidManifest.xml:28:13-80
164            android:excludeFromRecents="true"
164-->[com.google.firebase:firebase-auth:20.0.4] AndroidManifest.xml:29:13-46
165            android:exported="true"
165-->[com.google.firebase:firebase-auth:20.0.4] AndroidManifest.xml:30:13-36
166            android:launchMode="singleTask"
166-->[com.google.firebase:firebase-auth:20.0.4] AndroidManifest.xml:31:13-44
167            android:theme="@android:style/Theme.Translucent.NoTitleBar" >
167-->[com.google.firebase:firebase-auth:20.0.4] AndroidManifest.xml:32:13-72
168            <intent-filter>
168-->[com.google.firebase:firebase-auth:20.0.4] AndroidManifest.xml:33:13-43:29
169                <action android:name="android.intent.action.VIEW" />
169-->[:upi_india] AndroidManifest.xml:9:13-65
169-->[:upi_india] AndroidManifest.xml:9:21-62
170
171                <category android:name="android.intent.category.DEFAULT" />
171-->[com.google.firebase:firebase-auth:20.0.4] AndroidManifest.xml:36:17-76
171-->[com.google.firebase:firebase-auth:20.0.4] AndroidManifest.xml:36:27-73
172                <category android:name="android.intent.category.BROWSABLE" />
172-->[com.google.firebase:firebase-auth:20.0.4] AndroidManifest.xml:37:17-78
172-->[com.google.firebase:firebase-auth:20.0.4] AndroidManifest.xml:37:27-75
173
174                <data
174-->[:upi_india] AndroidManifest.xml:11:13-42
175                    android:host="firebase.auth"
176                    android:path="/"
177                    android:scheme="genericidp" />
177-->[:upi_india] AndroidManifest.xml:11:19-39
178            </intent-filter>
179        </activity>
180        <activity
180-->[com.google.firebase:firebase-auth:20.0.4] AndroidManifest.xml:45:9-62:20
181            android:name="com.google.firebase.auth.internal.RecaptchaActivity"
181-->[com.google.firebase:firebase-auth:20.0.4] AndroidManifest.xml:46:13-79
182            android:excludeFromRecents="true"
182-->[com.google.firebase:firebase-auth:20.0.4] AndroidManifest.xml:47:13-46
183            android:exported="true"
183-->[com.google.firebase:firebase-auth:20.0.4] AndroidManifest.xml:48:13-36
184            android:launchMode="singleTask"
184-->[com.google.firebase:firebase-auth:20.0.4] AndroidManifest.xml:49:13-44
185            android:theme="@android:style/Theme.Translucent.NoTitleBar" >
185-->[com.google.firebase:firebase-auth:20.0.4] AndroidManifest.xml:50:13-72
186            <intent-filter>
186-->[com.google.firebase:firebase-auth:20.0.4] AndroidManifest.xml:51:13-61:29
187                <action android:name="android.intent.action.VIEW" />
187-->[:upi_india] AndroidManifest.xml:9:13-65
187-->[:upi_india] AndroidManifest.xml:9:21-62
188
189                <category android:name="android.intent.category.DEFAULT" />
189-->[com.google.firebase:firebase-auth:20.0.4] AndroidManifest.xml:36:17-76
189-->[com.google.firebase:firebase-auth:20.0.4] AndroidManifest.xml:36:27-73
190                <category android:name="android.intent.category.BROWSABLE" />
190-->[com.google.firebase:firebase-auth:20.0.4] AndroidManifest.xml:37:17-78
190-->[com.google.firebase:firebase-auth:20.0.4] AndroidManifest.xml:37:27-75
191
192                <data
192-->[:upi_india] AndroidManifest.xml:11:13-42
193                    android:host="firebase.auth"
194                    android:path="/"
195                    android:scheme="recaptcha" />
195-->[:upi_india] AndroidManifest.xml:11:19-39
196            </intent-filter>
197        </activity>
198
199        <service
199-->[com.google.firebase:firebase-auth:20.0.4] AndroidManifest.xml:64:9-73:19
200            android:name="com.google.firebase.auth.api.fallback.service.FirebaseAuthFallbackService"
200-->[com.google.firebase:firebase-auth:20.0.4] AndroidManifest.xml:65:13-101
201            android:enabled="true"
201-->[com.google.firebase:firebase-auth:20.0.4] AndroidManifest.xml:66:13-35
202            android:exported="false" >
202-->[com.google.firebase:firebase-auth:20.0.4] AndroidManifest.xml:67:13-37
203            <intent-filter>
203-->[com.google.firebase:firebase-auth:20.0.4] AndroidManifest.xml:68:13-72:29
204                <action android:name="com.google.firebase.auth.api.gms.service.START" />
204-->[com.google.firebase:firebase-auth:20.0.4] AndroidManifest.xml:69:17-89
204-->[com.google.firebase:firebase-auth:20.0.4] AndroidManifest.xml:69:25-86
205
206                <category android:name="android.intent.category.DEFAULT" />
206-->[com.google.firebase:firebase-auth:20.0.4] AndroidManifest.xml:36:17-76
206-->[com.google.firebase:firebase-auth:20.0.4] AndroidManifest.xml:36:27-73
207            </intent-filter>
208        </service>
209
210        <provider
210-->[com.google.firebase:firebase-common:19.5.0] AndroidManifest.xml:26:9-31:39
211            android:name="com.google.firebase.provider.FirebaseInitProvider"
211-->[com.google.firebase:firebase-common:19.5.0] AndroidManifest.xml:27:13-77
212            android:authorities="com.example.ajfereme.firebaseinitprovider"
212-->[com.google.firebase:firebase-common:19.5.0] AndroidManifest.xml:28:13-72
213            android:directBootAware="true"
213-->[com.google.firebase:firebase-common:19.5.0] AndroidManifest.xml:29:13-43
214            android:exported="false"
214-->[com.google.firebase:firebase-common:19.5.0] AndroidManifest.xml:30:13-37
215            android:initOrder="100" />
215-->[com.google.firebase:firebase-common:19.5.0] AndroidManifest.xml:31:13-36
216
217        <activity
217-->[com.google.android.gms:play-services-auth:16.0.1] AndroidManifest.xml:23:9-27:75
218            android:name="com.google.android.gms.auth.api.signin.internal.SignInHubActivity"
218-->[com.google.android.gms:play-services-auth:16.0.1] AndroidManifest.xml:24:13-93
219            android:excludeFromRecents="true"
219-->[com.google.android.gms:play-services-auth:16.0.1] AndroidManifest.xml:25:13-46
220            android:exported="false"
220-->[com.google.android.gms:play-services-auth:16.0.1] AndroidManifest.xml:26:13-37
221            android:theme="@android:style/Theme.Translucent.NoTitleBar" />
221-->[com.google.android.gms:play-services-auth:16.0.1] AndroidManifest.xml:27:13-72
222        <!--
223            Service handling Google Sign-In user revocation. For apps that do not integrate with
224            Google Sign-In, this service will never be started.
225        -->
226        <service
226-->[com.google.android.gms:play-services-auth:16.0.1] AndroidManifest.xml:33:9-36:110
227            android:name="com.google.android.gms.auth.api.signin.RevocationBoundService"
227-->[com.google.android.gms:play-services-auth:16.0.1] AndroidManifest.xml:34:13-89
228            android:exported="true"
228-->[com.google.android.gms:play-services-auth:16.0.1] AndroidManifest.xml:35:13-36
229            android:permission="com.google.android.gms.auth.api.signin.permission.REVOCATION_NOTIFICATION" />
229-->[com.google.android.gms:play-services-auth:16.0.1] AndroidManifest.xml:36:13-107
230
231        <activity
231-->[com.google.android.gms:play-services-base:17.1.0] AndroidManifest.xml:23:9-26:75
232            android:name="com.google.android.gms.common.api.GoogleApiActivity"
232-->[com.google.android.gms:play-services-base:17.1.0] AndroidManifest.xml:24:13-79
233            android:exported="false"
233-->[com.google.android.gms:play-services-base:17.1.0] AndroidManifest.xml:25:13-37
234            android:theme="@android:style/Theme.Translucent.NoTitleBar" />
234-->[com.google.android.gms:play-services-base:17.1.0] AndroidManifest.xml:26:13-72
235
236        <receiver
236-->[com.google.android.gms:play-services-measurement:18.0.3] AndroidManifest.xml:29:9-33:20
237            android:name="com.google.android.gms.measurement.AppMeasurementReceiver"
237-->[com.google.android.gms:play-services-measurement:18.0.3] AndroidManifest.xml:30:13-85
238            android:enabled="true"
238-->[com.google.android.gms:play-services-measurement:18.0.3] AndroidManifest.xml:31:13-35
239            android:exported="false" >
239-->[com.google.android.gms:play-services-measurement:18.0.3] AndroidManifest.xml:32:13-37
240        </receiver>
241
242        <service
242-->[com.google.android.gms:play-services-measurement:18.0.3] AndroidManifest.xml:35:9-38:40
243            android:name="com.google.android.gms.measurement.AppMeasurementService"
243-->[com.google.android.gms:play-services-measurement:18.0.3] AndroidManifest.xml:36:13-84
244            android:enabled="true"
244-->[com.google.android.gms:play-services-measurement:18.0.3] AndroidManifest.xml:37:13-35
245            android:exported="false" />
245-->[com.google.android.gms:play-services-measurement:18.0.3] AndroidManifest.xml:38:13-37
246        <service
246-->[com.google.android.gms:play-services-measurement:18.0.3] AndroidManifest.xml:39:9-43:72
247            android:name="com.google.android.gms.measurement.AppMeasurementJobService"
247-->[com.google.android.gms:play-services-measurement:18.0.3] AndroidManifest.xml:40:13-87
248            android:enabled="true"
248-->[com.google.android.gms:play-services-measurement:18.0.3] AndroidManifest.xml:41:13-35
249            android:exported="false"
249-->[com.google.android.gms:play-services-measurement:18.0.3] AndroidManifest.xml:42:13-37
250            android:permission="android.permission.BIND_JOB_SERVICE" />
250-->[com.google.android.gms:play-services-measurement:18.0.3] AndroidManifest.xml:43:13-69
251
252        <meta-data
252-->[com.google.android.gms:play-services-basement:17.1.0] AndroidManifest.xml:23:9-25:69
253            android:name="com.google.android.gms.version"
253-->[com.google.android.gms:play-services-basement:17.1.0] AndroidManifest.xml:24:13-58
254            android:value="@integer/google_play_services_version" />
254-->[com.google.android.gms:play-services-basement:17.1.0] AndroidManifest.xml:25:13-66
255    </application>
256
257</manifest>